<?xml version="1.0" encoding="UTF-8"?>
<testng-results ignored="0" total="1" passed="1" failed="0" skipped="0">
  <reporter-output>
  </reporter-output>
  <suite started-at="2023-10-18T18:13:45 IST" name="Default suite" finished-at="2023-10-18T18:14:01 IST" duration-ms="16109">
    <groups>
    </groups>
    <test started-at="2023-10-18T18:13:45 IST" name="Default test" finished-at="2023-10-18T18:14:01 IST" duration-ms="16109">
      <class name="Beginner.WindowHandle">
        <test-method signature="campaignWithProduct()[pri:0, instance:Beginner.WindowHandle@c730b35]" started-at="2023-10-18T18:13:45 IST" name="campaignWithProduct" finished-at="2023-10-18T18:14:01 IST" duration-ms="15992" status="PASS">
          <reporter-output>
          </reporter-output>
        </test-method> <!-- campaignWithProduct -->
      </class> <!-- Beginner.WindowHandle -->
    </test> <!-- Default test -->
  </suite> <!-- Default suite -->
</testng-results>
