<?xml version="1.0" encoding="UTF-8"?>
<testng-results ignored="0" total="2" passed="2" failed="0" skipped="0">
  <reporter-output>
  </reporter-output>
  <suite started-at="2023-09-11T15:14:38 IST" name="Suite" finished-at="2023-09-11T15:14:45 IST" duration-ms="6724">
    <groups>
    </groups>
    <test started-at="2023-09-11T15:14:38 IST" name="Test1" finished-at="2023-09-11T15:14:44 IST" duration-ms="6094">
      <class name="com.Woost1.Parallel1">
        <test-method signature="Test1(java.lang.String)[pri:0, instance:com.Woost1.Parallel1@3b0fe47a]" started-at="2023-09-11T15:14:38 IST" name="Test1" finished-at="2023-09-11T15:14:44 IST" duration-ms="6030" status="PASS">
          <params>
            <param index="0">
              <value>
                <![CDATA[chrome]]>
              </value>
            </param>
          </params>
          <reporter-output>
          </reporter-output>
        </test-method> <!-- Test1 -->
      </class> <!-- com.Woost1.Parallel1 -->
    </test> <!-- Test1 -->
    <test started-at="2023-09-11T15:14:38 IST" name="Test2" finished-at="2023-09-11T15:14:45 IST" duration-ms="6723">
      <class name="com.Woost1.Parallel2">
        <test-method signature="Test1(java.lang.String)[pri:0, instance:com.Woost1.Parallel2@609e8838]" started-at="2023-09-11T15:14:38 IST" name="Test1" finished-at="2023-09-11T15:14:45 IST" duration-ms="6666" status="PASS">
          <params>
            <param index="0">
              <value>
                <![CDATA[edge]]>
              </value>
            </param>
          </params>
          <reporter-output>
          </reporter-output>
        </test-method> <!-- Test1 -->
      </class> <!-- com.Woost1.Parallel2 -->
    </test> <!-- Test2 -->
  </suite> <!-- Suite -->
</testng-results>
