<?xml version="1.0" encoding="UTF-8"?>
<!-- Generated by org.testng.reporters.JUnitXMLReporter -->
<testsuite ignored="0" hostname="DESKTOP-5KTOU1E" failures="1" tests="5" name="Test" time="17.397" errors="0" timestamp="2023-06-02T10:38:48 IST">
  <testcase classname="TestCases.Fail" name="testFail" time="0.019">
    <skipped/>
  </testcase> <!-- testFail -->
  <testcase classname="TestCases.Fail" name="testFail" time="0.001">
    <skipped/>
  </testcase> <!-- testFail -->
  <testcase classname="TestCases.Fail" name="testFail" time="0.001">
    <skipped/>
  </testcase> <!-- testFail -->
  <testcase classname="TestCases.Fail" name="testFail" time="0.002">
    <skipped/>
  </testcase> <!-- testFail -->
  <testcase classname="TestCases.Fail" name="testFail" time="0.002">
    <failure type="java.lang.AssertionError" message="expected [true] but found [false]">
      <![CDATA[java.lang.AssertionError: expected [true] but found [false]
at TestCases.Fail.testFail(Fail.java:14)
at java.base/java.util.ArrayList.forEach(ArrayList.java:1511)
... Removed 31 stack frames]]>
    </failure>
  </testcase> <!-- testFail -->
</testsuite> <!-- Test -->
