<?xml version="1.0" encoding="UTF-8"?>
<testng-results ignored="0" total="1" passed="1" failed="0" skipped="0">
  <reporter-output>
  </reporter-output>
  <suite started-at="2023-10-09T15:57:46 IST" name="Default suite" finished-at="2023-10-09T15:57:48 IST" duration-ms="2430">
    <groups>
    </groups>
    <test started-at="2023-10-09T15:57:46 IST" name="Default test" finished-at="2023-10-09T15:57:48 IST" duration-ms="2430">
      <class name="RequestChaining.Post_del">
        <test-method signature="PostAndDel()[pri:0, instance:RequestChaining.Post_del@350aac89]" started-at="2023-10-09T15:57:46 IST" name="PostAndDel" finished-at="2023-10-09T15:57:48 IST" duration-ms="2368" status="PASS">
          <reporter-output>
          </reporter-output>
        </test-method> <!-- PostAndDel -->
      </class> <!-- RequestChaining.Post_del -->
    </test> <!-- Default test -->
  </suite> <!-- Default suite -->
</testng-results>
