<?xml version="1.0" encoding="UTF-8"?>
<!-- Generated by org.testng.reporters.JUnitXMLReporter -->
<testsuite ignored="0" hostname="DESKTOP-5KTOU1E" failures="0" tests="8" name="Test" time="0.781" errors="0" timestamp="2023-05-12T11:29:44 IST">
  <testcase classname="com.Woost1.OthersAnnotaion" name="usb4" time="0.027"/>
  <testcase classname="com.Woost1.Annotation" name="tesst" time="0.001"/>
  <testcase classname="com.Woost1.Annotation" name="tesst2" time="0.002"/>
  <testcase classname="com.Woost1.Annotation" name="tesst3" time="0.001"/>
  <testcase classname="com.Woost1.OthersAnnotaion" name="usb1" time="0.68"/>
  <testcase classname="com.Woost1.OthersAnnotaion" name="usb2" time="0.005"/>
  <testcase classname="com.Woost1.OthersAnnotaion" name="usb2" time="0.001"/>
  <testcase classname="com.Woost1.OthersAnnotaion" name="usb3" time="0.001"/>
</testsuite> <!-- Test -->
