<?xml version="1.0" encoding="UTF-8"?>
<testng-results ignored="0" total="1" passed="1" failed="0" skipped="0">
  <reporter-output>
  </reporter-output>
  <suite started-at="2023-09-11T13:38:13 IST" name="Default suite" finished-at="2023-09-11T13:38:24 IST" duration-ms="10749">
    <groups>
    </groups>
    <test started-at="2023-09-11T13:38:13 IST" name="Default test" finished-at="2023-09-11T13:38:24 IST" duration-ms="10749">
      <class name="TestCases.NewUser">
        <test-method is-config="true" signature="BS()[pri:0, instance:TestCases.NewUser@183ec003]" started-at="2023-09-11T13:38:13 IST" name="BS" finished-at="2023-09-11T13:38:13 IST" duration-ms="10" status="PASS">
          <reporter-output>
          </reporter-output>
        </test-method> <!-- BS -->
        <test-method is-config="true" signature="BT()[pri:0, instance:TestCases.NewUser@183ec003]" started-at="2023-09-11T13:38:13 IST" name="BT" finished-at="2023-09-11T13:38:13 IST" duration-ms="2" status="PASS">
          <reporter-output>
          </reporter-output>
        </test-method> <!-- BT -->
        <test-method is-config="true" signature="BC()[pri:0, instance:TestCases.NewUser@183ec003]" started-at="2023-09-11T13:38:13 IST" name="BC" finished-at="2023-09-11T13:38:15 IST" duration-ms="1901" status="PASS">
          <reporter-output>
          </reporter-output>
        </test-method> <!-- BC -->
        <test-method is-config="true" signature="BM()[pri:0, instance:TestCases.NewUser@183ec003]" started-at="2023-09-11T13:38:15 IST" name="BM" finished-at="2023-09-11T13:38:21 IST" duration-ms="6201" status="PASS">
          <reporter-output>
          </reporter-output>
        </test-method> <!-- BM -->
        <test-method signature="user()[pri:0, instance:TestCases.NewUser@183ec003]" started-at="2023-09-11T13:38:21 IST" name="user" finished-at="2023-09-11T13:38:24 IST" duration-ms="2607" status="PASS">
          <reporter-output>
          </reporter-output>
        </test-method> <!-- user -->
        <test-method is-config="true" signature="AM()[pri:0, instance:TestCases.NewUser@183ec003]" started-at="2023-09-11T13:38:24 IST" name="AM" finished-at="2023-09-11T13:38:24 IST" duration-ms="0" status="PASS">
          <reporter-output>
          </reporter-output>
        </test-method> <!-- AM -->
        <test-method is-config="true" signature="AC()[pri:0, instance:TestCases.NewUser@183ec003]" started-at="2023-09-11T13:38:24 IST" name="AC" finished-at="2023-09-11T13:38:24 IST" duration-ms="0" status="PASS">
          <reporter-output>
          </reporter-output>
        </test-method> <!-- AC -->
        <test-method is-config="true" signature="AT()[pri:0, instance:TestCases.NewUser@183ec003]" started-at="2023-09-11T13:38:24 IST" name="AT" finished-at="2023-09-11T13:38:24 IST" duration-ms="2" status="PASS">
          <reporter-output>
          </reporter-output>
        </test-method> <!-- AT -->
        <test-method is-config="true" signature="AS()[pri:0, instance:TestCases.NewUser@183ec003]" started-at="2023-09-11T13:38:24 IST" name="AS" finished-at="2023-09-11T13:38:24 IST" duration-ms="0" status="PASS">
          <reporter-output>
          </reporter-output>
        </test-method> <!-- AS -->
      </class> <!-- TestCases.NewUser -->
    </test> <!-- Default test -->
  </suite> <!-- Default suite -->
</testng-results>
