<?xml version="1.0" encoding="UTF-8"?>
<testng-results ignored="0" total="1" passed="1" failed="0" skipped="0">
  <reporter-output>
  </reporter-output>
  <suite started-at="2023-05-19T15:13:35 IST" name="Default suite" finished-at="2023-05-19T15:13:46 IST" duration-ms="10334">
    <groups>
    </groups>
    <test started-at="2023-05-19T15:13:35 IST" name="Default test" finished-at="2023-05-19T15:13:46 IST" duration-ms="10334">
      <class name="TestCases.NewUser">
        <test-method is-config="true" signature="BS()[pri:0, instance:TestCases.NewUser@4efac082]" started-at="2023-05-19T15:13:35 IST" name="BS" finished-at="2023-05-19T15:13:35 IST" duration-ms="0" status="PASS">
          <reporter-output>
          </reporter-output>
        </test-method> <!-- BS -->
        <test-method is-config="true" signature="BT()[pri:0, instance:TestCases.NewUser@4efac082]" started-at="2023-05-19T15:13:35 IST" name="BT" finished-at="2023-05-19T15:13:35 IST" duration-ms="0" status="PASS">
          <reporter-output>
          </reporter-output>
        </test-method> <!-- BT -->
        <test-method is-config="true" signature="BC()[pri:0, instance:TestCases.NewUser@4efac082]" started-at="2023-05-19T15:13:35 IST" name="BC" finished-at="2023-05-19T15:13:37 IST" duration-ms="1813" status="PASS">
          <reporter-output>
          </reporter-output>
        </test-method> <!-- BC -->
        <test-method is-config="true" signature="BM()[pri:0, instance:TestCases.NewUser@4efac082]" started-at="2023-05-19T15:13:37 IST" name="BM" finished-at="2023-05-19T15:13:43 IST" duration-ms="6236" status="PASS">
          <reporter-output>
          </reporter-output>
        </test-method> <!-- BM -->
        <test-method signature="user()[pri:0, instance:TestCases.NewUser@4efac082]" started-at="2023-05-19T15:13:43 IST" name="user" finished-at="2023-05-19T15:13:45 IST" duration-ms="2029" status="PASS">
          <reporter-output>
          </reporter-output>
        </test-method> <!-- user -->
        <test-method is-config="true" signature="AM()[pri:0, instance:TestCases.NewUser@4efac082]" started-at="2023-05-19T15:13:45 IST" name="AM" finished-at="2023-05-19T15:13:45 IST" duration-ms="6" status="PASS">
          <reporter-output>
          </reporter-output>
        </test-method> <!-- AM -->
        <test-method is-config="true" signature="AC()[pri:0, instance:TestCases.NewUser@4efac082]" started-at="2023-05-19T15:13:45 IST" name="AC" finished-at="2023-05-19T15:13:46 IST" duration-ms="197" status="PASS">
          <reporter-output>
          </reporter-output>
        </test-method> <!-- AC -->
        <test-method is-config="true" signature="AT()[pri:0, instance:TestCases.NewUser@4efac082]" started-at="2023-05-19T15:13:46 IST" name="AT" finished-at="2023-05-19T15:13:46 IST" duration-ms="0" status="PASS">
          <reporter-output>
          </reporter-output>
        </test-method> <!-- AT -->
        <test-method is-config="true" signature="AS()[pri:0, instance:TestCases.NewUser@4efac082]" started-at="2023-05-19T15:13:46 IST" name="AS" finished-at="2023-05-19T15:13:46 IST" duration-ms="0" status="PASS">
          <reporter-output>
          </reporter-output>
        </test-method> <!-- AS -->
      </class> <!-- TestCases.NewUser -->
    </test> <!-- Default test -->
  </suite> <!-- Default suite -->
</testng-results>
