<?xml version="1.0" encoding="UTF-8"?>
<testng-results ignored="0" total="1" passed="1" failed="0" skipped="0">
  <reporter-output>
  </reporter-output>
  <suite started-at="2023-10-03T12:49:58 IST" name="Default suite" finished-at="2023-10-03T12:49:59 IST" duration-ms="1657">
    <groups>
    </groups>
    <test started-at="2023-10-03T12:49:58 IST" name="Default test" finished-at="2023-10-03T12:49:59 IST" duration-ms="1657">
      <class name="BasicCRUD.Get_All">
        <test-method signature="get_mtd()[pri:0, instance:BasicCRUD.Get_All@793f29ff]" started-at="2023-10-03T12:49:58 IST" name="get_mtd" finished-at="2023-10-03T12:49:59 IST" duration-ms="1596" status="PASS">
          <reporter-output>
          </reporter-output>
        </test-method> <!-- get_mtd -->
      </class> <!-- BasicCRUD.Get_All -->
    </test> <!-- Default test -->
  </suite> <!-- Default suite -->
</testng-results>
