<?xml version="1.0" encoding="UTF-8"?>
<!-- Generated by org.testng.reporters.JUnitXMLReporter -->
<testsuite ignored="2" hostname="DESKTOP-5KTOU1E" failures="0" tests="4" name="Test" time="0.076" errors="0" timestamp="2023-09-11T12:50:16 IST">
  <testcase classname="Beginner.FB" name="You" time="0.008"/>
  <testcase classname="Beginner.FB" name="yootoo" time="0.002"/>
  <testcase classname="Beginner.CashoraLogin" name="Me" time="0.002"/>
  <testcase classname="Beginner.CashoraLogin" name="Metoo" time="0.002"/>
  <testcase classname="Beginner.FB" name="LoginFB" time="0.0">
    <ignored/>
  </testcase> <!-- LoginFB -->
  <testcase classname="Beginner.CashoraLogin" name="test" time="0.0">
    <ignored/>
  </testcase> <!-- test -->
</testsuite> <!-- Test -->
