<?xml version="1.0" encoding="UTF-8"?>
<!-- Generated by org.testng.reporters.JUnitXMLReporter -->
<testsuite ignored="0" hostname="DESKTOP-5KTOU1E" failures="0" tests="4" name="Test2" time="6.352" errors="0" timestamp="2023-09-11T15:21:56 IST">
  <testcase classname="Beginner.CashoraLogin" name="Me" time="0.009"/>
  <testcase classname="Beginner.CashoraLogin" name="Metoo" time="0.001"/>
  <testcase classname="Beginner.CashoraLogin" name="test" time="6.28"/>
  <testcase classname="Beginner.CashoraLogin" name="thread" time="0.001"/>
</testsuite> <!-- Test2 -->
